<?xml version="1.0" encoding="UTF-8"?>
<!-- Generated by org.testng.reporters.JUnitXMLReporter -->
<testsuite hostname="MohamedMurtuza" ignored="0" name="Test" tests="3" failures="1" timestamp="2020-04-22T18:32:01 IST" time="51.488" errors="0">
  <testcase name="validateCourseTitle" time="0.059" classname="automationFramework.ValidateTitle">
    <failure type="java.lang.AssertionError" message="expected [null] but found [FEATURED COURSES]">
      <![CDATA[java.lang.AssertionError: expected [null] but found [FEATURED COURSES]
at automationFramework.ValidateTitle.validateCourseTitle(ValidateTitle.java:38)
at java.util.ArrayList.forEach(Unknown Source)
... Removed 33 stack frames]]>
    </failure>
  </testcase> <!-- validateCourseTitle -->
  <testcase name="basePageNavigation" time="9.785" classname="automationFramework.HomePage"/>
  <testcase name="navigation" time="0.086" classname="automationFramework.NavigationBarVa"/>
</testsuite> <!-- Test -->
