<?xml version="1.0" encoding="UTF-8"?>
<!-- Generated by org.testng.reporters.JUnitXMLReporter -->
<testsuite hostname="MohamedMurtuza" name="Test" tests="3" failures="1" timestamp="22 Apr 2020 12:57:37 GMT" time="51.343" errors="0">
  <testcase name="validateCourseTitle" time="0.152" classname="automationFramework.ValidateTitle">
    <failure type="java.lang.AssertionError" message="expected [null] but found [FEATURED COURSES]">
      <![CDATA[java.lang.AssertionError: expected [null] but found [FEATURED COURSES]
	at automationFramework.ValidateTitle.validateCourseTitle(ValidateTitle.java:38)
	at org.apache.maven.surefire.testng.TestNGExecutor.run(TestNGExecutor.java:283)
	at org.apache.maven.surefire.testng.TestNGXmlTestSuite.execute(TestNGXmlTestSuite.java:75)
	at org.apache.maven.surefire.testng.TestNGProvider.invoke(TestNGProvider.java:120)
	at org.apache.maven.surefire.booter.ForkedBooter.invokeProviderInSameClassLoader(ForkedBooter.java:386)
	at org.apache.maven.surefire.booter.ForkedBooter.runSuitesInProcess(ForkedBooter.java:323)
	at org.apache.maven.surefire.booter.ForkedBooter.main(ForkedBooter.java:143)
... Removed 26 stack frames]]>
    </failure>
  </testcase> <!-- validateCourseTitle -->
  <testcase name="basePageNavigation" time="8.478" classname="automationFramework.HomePage"/>
  <testcase name="navigation" time="0.127" classname="automationFramework.NavigationBarVa"/>
</testsuite> <!-- Test -->
