<?xml version="1.0" encoding="UTF-8"?>
<testsuite xmlns:xsi="http://www.w3.org/2001/XMLSchema-instance" xsi:noNamespaceSchemaLocation="https://maven.apache.org/surefire/maven-surefire-plugin/xsd/surefire-test-report.xsd" name="TestSuite" time="53.524" tests="3" errors="0" skipped="0" failures="1">
  <properties>
    <property name="java.runtime.name" value="Java(TM) SE Runtime Environment"/>
    <property name="sun.boot.library.path" value="C:\Program Files\Java\jre1.8.0_241\bin"/>
    <property name="java.vm.version" value="25.241-b07"/>
    <property name="java.vm.vendor" value="Oracle Corporation"/>
    <property name="maven.multiModuleProjectDirectory" value="C:\Users\91782\FirstAutomationFramework"/>
    <property name="java.vendor.url" value="http://java.oracle.com/"/>
    <property name="path.separator" value=";"/>
    <property name="guice.disable.misplaced.annotation.check" value="true"/>
    <property name="java.vm.name" value="Java HotSpot(TM) 64-Bit Server VM"/>
    <property name="file.encoding.pkg" value="sun.io"/>
    <property name="user.script" value=""/>
    <property name="user.country" value="IN"/>
    <property name="sun.java.launcher" value="SUN_STANDARD"/>
    <property name="sun.os.patch.level" value=""/>
    <property name="java.vm.specification.name" value="Java Virtual Machine Specification"/>
    <property name="user.dir" value="C:\Users\91782\FirstAutomationFramework"/>
    <property name="java.runtime.version" value="1.8.0_241-b07"/>
    <property name="java.awt.graphicsenv" value="sun.awt.Win32GraphicsEnvironment"/>
    <property name="java.endorsed.dirs" value="C:\Program Files\Java\jre1.8.0_241\lib\endorsed"/>
    <property name="os.arch" value="amd64"/>
    <property name="java.io.tmpdir" value="C:\Users\91782\AppData\Local\Temp\"/>
    <property name="line.separator" value="&#10;"/>
    <property name="java.vm.specification.vendor" value="Oracle Corporation"/>
    <property name="user.variant" value=""/>
    <property name="os.name" value="Windows 10"/>
    <property name="classworlds.conf" value="C:\Users\91782\eclipse-workspace\.metadata\.plugins\org.eclipse.m2e.launching\launches\m2conf7536415662399358183.tmp"/>
    <property name="sun.jnu.encoding" value="Cp1252"/>
    <property name="java.library.path" value="C:\Program Files\Java\jre1.8.0_241\bin;C:\Windows\Sun\Java\bin;C:\Windows\system32;C:\Windows;C:/Program Files/Java/jre1.8.0_241/bin/server;C:/Program Files/Java/jre1.8.0_241/bin;C:/Program Files/Java/jre1.8.0_241/lib/amd64;C:\Program Files (x86)\Common Files\Oracle\Java\javapath;C:\Windows\system32;C:\Windows;C:\Windows\System32\Wbem;C:\Windows\System32\WindowsPowerShell\v1.0\;C:\Windows\System32\OpenSSH\;C:\Program Files\Intel\WiFi\bin\;C:\Program Files\Common Files\Intel\WirelessCommon\;C:\Program Files\Java\jdk1.8.0_241\bin;D:\Softwares\Selenium\Maven\apache-maven-3.6.3\bin;C:\Program Files\MySQL\MySQL Shell 8.0\bin\;C:\Users\91782\AppData\Local\Microsoft\WindowsApps;;C:\Users\91782\Desktop;;."/>
    <property name="java.specification.name" value="Java Platform API Specification"/>
    <property name="java.class.version" value="52.0"/>
    <property name="sun.management.compiler" value="HotSpot 64-Bit Tiered Compilers"/>
    <property name="os.version" value="10.0"/>
    <property name="user.home" value="C:\Users\91782"/>
    <property name="user.timezone" value="Asia/Calcutta"/>
    <property name="java.awt.printerjob" value="sun.awt.windows.WPrinterJob"/>
    <property name="java.specification.version" value="1.8"/>
    <property name="file.encoding" value="Cp1252"/>
    <property name="user.name" value="91782"/>
    <property name="java.class.path" value="C:\Users\91782\.p2\pool\plugins\org.eclipse.m2e.maven.runtime_1.15.0.20200310-1832\jars\plexus-classworlds-2.6.0.jar"/>
    <property name="java.vm.specification.version" value="1.8"/>
    <property name="sun.arch.data.model" value="64"/>
    <property name="java.home" value="C:\Program Files\Java\jre1.8.0_241"/>
    <property name="sun.java.command" value="org.codehaus.plexus.classworlds.launcher.Launcher -B test"/>
    <property name="java.specification.vendor" value="Oracle Corporation"/>
    <property name="user.language" value="en"/>
    <property name="awt.toolkit" value="sun.awt.windows.WToolkit"/>
    <property name="java.vm.info" value="mixed mode"/>
    <property name="java.version" value="1.8.0_241"/>
    <property name="java.ext.dirs" value="C:\Program Files\Java\jre1.8.0_241\lib\ext;C:\Windows\Sun\Java\lib\ext"/>
    <property name="sun.boot.class.path" value="C:\Program Files\Java\jre1.8.0_241\lib\resources.jar;C:\Program Files\Java\jre1.8.0_241\lib\rt.jar;C:\Program Files\Java\jre1.8.0_241\lib\sunrsasign.jar;C:\Program Files\Java\jre1.8.0_241\lib\jsse.jar;C:\Program Files\Java\jre1.8.0_241\lib\jce.jar;C:\Program Files\Java\jre1.8.0_241\lib\charsets.jar;C:\Program Files\Java\jre1.8.0_241\lib\jfr.jar;C:\Program Files\Java\jre1.8.0_241\classes"/>
    <property name="java.vendor" value="Oracle Corporation"/>
    <property name="maven.home" value="C:\Users\91782\FirstAutomationFramework\EMBEDDED"/>
    <property name="file.separator" value="\"/>
    <property name="java.vendor.url.bug" value="http://bugreport.sun.com/bugreport/"/>
    <property name="sun.cpu.endian" value="little"/>
    <property name="sun.io.unicode.encoding" value="UnicodeLittle"/>
    <property name="sun.desktop" value="windows"/>
    <property name="sun.cpu.isalist" value="amd64"/>
  </properties>
  <testcase name="validateCourseTitle" classname="automationFramework.ValidateTitle" time="0.158">
    <failure message="expected [null] but found [FEATURED COURSES]" type="java.lang.AssertionError">java.lang.AssertionError: expected [null] but found [FEATURED COURSES]
	at automationFramework.ValidateTitle.validateCourseTitle(ValidateTitle.java:38)
</failure>
    <system-err><![CDATA[Starting ChromeDriver 80.0.3987.106 (f68069574609230cf9b635cd784cfb1bf81bb53a-refs/branch-heads/3987@{#882}) on port 20935
Only local connections are allowed.
Please protect ports used by ChromeDriver and related test frameworks to prevent access by malicious code.
[1587560207.862][WARNING]: This version of ChromeDriver has not been tested with Chrome version 81.
[1587560209.866][WARNING]: Timed out connecting to Chrome, retrying...
Apr 22, 2020 6:26:52 PM org.openqa.selenium.remote.ProtocolHandshake createSession
INFO: Detected dialect: W3C
[1587560214.032][WARNING]: Timed out connecting to Chrome, retrying...
[1587560218.008][SEVERE]: Timed out receiving message from renderer: 0.100
[1587560218.109][SEVERE]: Timed out receiving message from renderer: 0.100
[1587560218.210][SEVERE]: Timed out receiving message from renderer: 0.100
[1587560218.313][SEVERE]: Timed out receiving message from renderer: 0.100
[1587560218.415][SEVERE]: Timed out receiving message from renderer: 0.100
[1587560218.516][SEVERE]: Timed out receiving message from renderer: 0.100
[1587560218.618][SEVERE]: Timed out receiving message from renderer: 0.100
[1587560218.719][SEVERE]: Timed out receiving message from renderer: 0.100
[1587560218.820][SEVERE]: Timed out receiving message from renderer: 0.100
[1587560218.922][SEVERE]: Timed out receiving message from renderer: 0.100
[1587560219.023][SEVERE]: Timed out receiving message from renderer: 0.100
[1587560219.385][SEVERE]: Timed out receiving message from renderer: 0.100
[1587560219.665][SEVERE]: Timed out receiving message from renderer: 0.100
[1587560219.766][SEVERE]: Timed out receiving message from renderer: 0.100
[1587560219.867][SEVERE]: Timed out receiving message from renderer: 0.100
[1587560219.969][SEVERE]: Timed out receiving message from renderer: 0.100
[1587560220.070][SEVERE]: Timed out receiving message from renderer: 0.100
[1587560220.212][SEVERE]: Timed out receiving message from renderer: 0.100
[1587560220.392][SEVERE]: Timed out receiving message from renderer: 0.100
[1587560220.542][SEVERE]: Timed out receiving message from renderer: 0.100
[1587560220.644][SEVERE]: Timed out receiving message from renderer: 0.100
[1587560220.747][SEVERE]: Timed out receiving message from renderer: 0.100
]]></system-err>
  </testcase>
  <testcase name="basePageNavigation" classname="automationFramework.HomePage" time="8.478"/>
  <testcase name="navigation" classname="automationFramework.NavigationBarVa" time="0.127"/>
</testsuite>