<?xml version="1.0" encoding="UTF-8"?>
<testng-results skipped="0" failed="1" total="3" passed="2">
  <reporter-output>
  </reporter-output>
  <suite name="Suite" duration-ms="51343" started-at="2020-04-22T12:56:46Z" finished-at="2020-04-22T12:57:37Z">
    <groups>
    </groups>
    <test name="Test" duration-ms="51343" started-at="2020-04-22T12:56:46Z" finished-at="2020-04-22T12:57:37Z">
      <class name="automationFramework.HomePage">
        <test-method status="PASS" signature="initializer()[pri:0, instance:automationFramework.HomePage@247310d0]" name="initializer" is-config="true" duration-ms="12502" started-at="2020-04-22T18:27:01Z" finished-at="2020-04-22T18:27:14Z">
          <reporter-output>
          </reporter-output>
        </test-method> <!-- initializer -->
        <test-method status="PASS" signature="basePageNavigation()[pri:0, instance:automationFramework.HomePage@247310d0]" name="basePageNavigation" duration-ms="8478" started-at="2020-04-22T18:27:14Z" finished-at="2020-04-22T18:27:22Z">
          <reporter-output>
          </reporter-output>
        </test-method> <!-- basePageNavigation -->
        <test-method status="PASS" signature="close()[pri:0, instance:automationFramework.HomePage@247310d0]" name="close" is-config="true" duration-ms="73" started-at="2020-04-22T18:27:23Z" finished-at="2020-04-22T18:27:23Z">
          <reporter-output>
          </reporter-output>
        </test-method> <!-- close -->
      </class> <!-- automationFramework.HomePage -->
      <class name="automationFramework.NavigationBarVa">
        <test-method status="PASS" signature="initializer()[pri:0, instance:automationFramework.NavigationBarVa@7c37508a]" name="initializer" is-config="true" duration-ms="13473" started-at="2020-04-22T18:27:23Z" finished-at="2020-04-22T18:27:36Z">
          <reporter-output>
          </reporter-output>
        </test-method> <!-- initializer -->
        <test-method status="PASS" signature="navigation()[pri:0, instance:automationFramework.NavigationBarVa@7c37508a]" name="navigation" duration-ms="127" started-at="2020-04-22T18:27:36Z" finished-at="2020-04-22T18:27:36Z">
          <reporter-output>
          </reporter-output>
        </test-method> <!-- navigation -->
        <test-method status="PASS" signature="close()[pri:0, instance:automationFramework.NavigationBarVa@7c37508a]" name="close" is-config="true" duration-ms="68" started-at="2020-04-22T18:27:37Z" finished-at="2020-04-22T18:27:37Z">
          <reporter-output>
          </reporter-output>
        </test-method> <!-- close -->
      </class> <!-- automationFramework.NavigationBarVa -->
      <class name="automationFramework.ValidateTitle">
        <test-method status="PASS" signature="initializer()[pri:0, instance:automationFramework.ValidateTitle@231f98ef]" name="initializer" is-config="true" duration-ms="14483" started-at="2020-04-22T18:26:46Z" finished-at="2020-04-22T18:27:00Z">
          <reporter-output>
          </reporter-output>
        </test-method> <!-- initializer -->
        <test-method status="FAIL" signature="validateCourseTitle()[pri:0, instance:automationFramework.ValidateTitle@231f98ef]" name="validateCourseTitle" duration-ms="152" started-at="2020-04-22T18:27:00Z" finished-at="2020-04-22T18:27:00Z">
          <exception class="java.lang.AssertionError">
            <message>
              <![CDATA[expected [null] but found [FEATURED COURSES]]]>
            </message>
            <full-stacktrace>
              <![CDATA[java.lang.AssertionError: expected [null] but found [FEATURED COURSES]
	at org.testng.Assert.fail(Assert.java:94)
	at org.testng.Assert.failNotEquals(Assert.java:494)
	at org.testng.Assert.assertEquals(Assert.java:123)
	at org.testng.Assert.assertEquals(Assert.java:176)
	at org.testng.Assert.assertEquals(Assert.java:186)
	at automationFramework.ValidateTitle.validateCourseTitle(ValidateTitle.java:38)
	at sun.reflect.NativeMethodAccessorImpl.invoke0(Native Method)
	at sun.reflect.NativeMethodAccessorImpl.invoke(Unknown Source)
	at sun.reflect.DelegatingMethodAccessorImpl.invoke(Unknown Source)
	at java.lang.reflect.Method.invoke(Unknown Source)
	at org.testng.internal.MethodInvocationHelper.invokeMethod(MethodInvocationHelper.java:80)
	at org.testng.internal.Invoker.invokeMethod(Invoker.java:714)
	at org.testng.internal.Invoker.invokeTestMethod(Invoker.java:901)
	at org.testng.internal.Invoker.invokeTestMethods(Invoker.java:1231)
	at org.testng.internal.TestMethodWorker.invokeTestMethods(TestMethodWorker.java:127)
	at org.testng.internal.TestMethodWorker.run(TestMethodWorker.java:111)
	at org.testng.TestRunner.privateRun(TestRunner.java:767)
	at org.testng.TestRunner.run(TestRunner.java:617)
	at org.testng.SuiteRunner.runTest(SuiteRunner.java:334)
	at org.testng.SuiteRunner.runSequentially(SuiteRunner.java:329)
	at org.testng.SuiteRunner.privateRun(SuiteRunner.java:291)
	at org.testng.SuiteRunner.run(SuiteRunner.java:240)
	at org.testng.SuiteRunnerWorker.runSuite(SuiteRunnerWorker.java:52)
	at org.testng.SuiteRunnerWorker.run(SuiteRunnerWorker.java:86)
	at org.testng.TestNG.runSuitesSequentially(TestNG.java:1198)
	at org.testng.TestNG.runSuitesLocally(TestNG.java:1123)
	at org.testng.TestNG.run(TestNG.java:1031)
	at org.apache.maven.surefire.testng.TestNGExecutor.run(TestNGExecutor.java:283)
	at org.apache.maven.surefire.testng.TestNGXmlTestSuite.execute(TestNGXmlTestSuite.java:75)
	at org.apache.maven.surefire.testng.TestNGProvider.invoke(TestNGProvider.java:120)
	at org.apache.maven.surefire.booter.ForkedBooter.invokeProviderInSameClassLoader(ForkedBooter.java:386)
	at org.apache.maven.surefire.booter.ForkedBooter.runSuitesInProcess(ForkedBooter.java:323)
	at org.apache.maven.surefire.booter.ForkedBooter.main(ForkedBooter.java:143)
]]>
            </full-stacktrace>
          </exception> <!-- java.lang.AssertionError -->
          <reporter-output>
          </reporter-output>
        </test-method> <!-- validateCourseTitle -->
        <test-method status="PASS" signature="close()[pri:0, instance:automationFramework.ValidateTitle@231f98ef]" name="close" is-config="true" duration-ms="61" started-at="2020-04-22T18:27:01Z" finished-at="2020-04-22T18:27:01Z">
          <reporter-output>
          </reporter-output>
        </test-method> <!-- close -->
      </class> <!-- automationFramework.ValidateTitle -->
    </test> <!-- Test -->
  </suite> <!-- Suite -->
</testng-results>
