<?xml version="1.0" encoding="UTF-8"?>
<testng-results skipped="0" failed="1" ignored="0" total="3" passed="2">
  <reporter-output>
  </reporter-output>
  <suite name="Suite" duration-ms="51488" started-at="2020-04-22T18:31:10 IST" finished-at="2020-04-22T18:32:01 IST">
    <groups>
    </groups>
    <test name="Test" duration-ms="51488" started-at="2020-04-22T18:31:10 IST" finished-at="2020-04-22T18:32:01 IST">
      <class name="automationFramework.HomePage">
        <test-method status="PASS" signature="initializer()[pri:0, instance:automationFramework.HomePage@505fc5a4]" name="initializer" is-config="true" duration-ms="12475" started-at="2020-04-22T18:31:24 IST" finished-at="2020-04-22T18:31:36 IST">
          <reporter-output>
          </reporter-output>
        </test-method> <!-- initializer -->
        <test-method status="PASS" signature="basePageNavigation()[pri:0, instance:automationFramework.HomePage@505fc5a4]" name="basePageNavigation" duration-ms="9785" started-at="2020-04-22T18:31:36 IST" finished-at="2020-04-22T18:31:46 IST">
          <reporter-output>
          </reporter-output>
        </test-method> <!-- basePageNavigation -->
        <test-method status="PASS" signature="close()[pri:0, instance:automationFramework.HomePage@505fc5a4]" name="close" is-config="true" duration-ms="75" started-at="2020-04-22T18:31:48 IST" finished-at="2020-04-22T18:31:48 IST">
          <reporter-output>
          </reporter-output>
        </test-method> <!-- close -->
      </class> <!-- automationFramework.HomePage -->
      <class name="automationFramework.NavigationBarVa">
        <test-method status="PASS" signature="initializer()[pri:0, instance:automationFramework.NavigationBarVa@5fbdfdcf]" name="initializer" is-config="true" duration-ms="12677" started-at="2020-04-22T18:31:48 IST" finished-at="2020-04-22T18:32:01 IST">
          <reporter-output>
          </reporter-output>
        </test-method> <!-- initializer -->
        <test-method status="PASS" signature="navigation()[pri:0, instance:automationFramework.NavigationBarVa@5fbdfdcf]" name="navigation" duration-ms="86" started-at="2020-04-22T18:32:01 IST" finished-at="2020-04-22T18:32:01 IST">
          <reporter-output>
          </reporter-output>
        </test-method> <!-- navigation -->
        <test-method status="PASS" signature="close()[pri:0, instance:automationFramework.NavigationBarVa@5fbdfdcf]" name="close" is-config="true" duration-ms="58" started-at="2020-04-22T18:32:01 IST" finished-at="2020-04-22T18:32:01 IST">
          <reporter-output>
          </reporter-output>
        </test-method> <!-- close -->
      </class> <!-- automationFramework.NavigationBarVa -->
      <class name="automationFramework.ValidateTitle">
        <test-method status="PASS" signature="initializer()[pri:0, instance:automationFramework.ValidateTitle@3d6f0054]" name="initializer" is-config="true" duration-ms="12981" started-at="2020-04-22T18:31:10 IST" finished-at="2020-04-22T18:31:23 IST">
          <reporter-output>
          </reporter-output>
        </test-method> <!-- initializer -->
        <test-method status="FAIL" signature="validateCourseTitle()[pri:0, instance:automationFramework.ValidateTitle@3d6f0054]" name="validateCourseTitle" duration-ms="59" started-at="2020-04-22T18:31:23 IST" finished-at="2020-04-22T18:31:23 IST">
          <exception class="java.lang.AssertionError">
            <message>
              <![CDATA[expected [null] but found [FEATURED COURSES]]]>
            </message>
            <full-stacktrace>
              <![CDATA[java.lang.AssertionError: expected [null] but found [FEATURED COURSES]
at org.testng.Assert.fail(Assert.java:97)
at org.testng.Assert.failNotEquals(Assert.java:968)
at org.testng.Assert.assertEqualsImpl(Assert.java:131)
at org.testng.Assert.assertEquals(Assert.java:118)
at org.testng.Assert.assertEquals(Assert.java:575)
at org.testng.Assert.assertEquals(Assert.java:585)
at automationFramework.ValidateTitle.validateCourseTitle(ValidateTitle.java:38)
at sun.reflect.NativeMethodAccessorImpl.invoke0(Native Method)
at sun.reflect.NativeMethodAccessorImpl.invoke(Unknown Source)
at sun.reflect.DelegatingMethodAccessorImpl.invoke(Unknown Source)
at java.lang.reflect.Method.invoke(Unknown Source)
at org.testng.internal.MethodInvocationHelper.invokeMethod(MethodInvocationHelper.java:135)
at org.testng.internal.TestInvoker.invokeMethod(TestInvoker.java:598)
at org.testng.internal.TestInvoker.invokeTestMethod(TestInvoker.java:174)
at org.testng.internal.MethodRunner.runInSequence(MethodRunner.java:46)
at org.testng.internal.TestInvoker$MethodInvocationAgent.invoke(TestInvoker.java:821)
at org.testng.internal.TestInvoker.invokeTestMethods(TestInvoker.java:147)
at org.testng.internal.TestMethodWorker.invokeTestMethods(TestMethodWorker.java:146)
at org.testng.internal.TestMethodWorker.run(TestMethodWorker.java:128)
at java.util.ArrayList.forEach(Unknown Source)
at org.testng.TestRunner.privateRun(TestRunner.java:767)
at org.testng.TestRunner.run(TestRunner.java:588)
at org.testng.SuiteRunner.runTest(SuiteRunner.java:384)
at org.testng.SuiteRunner.runSequentially(SuiteRunner.java:378)
at org.testng.SuiteRunner.privateRun(SuiteRunner.java:337)
at org.testng.SuiteRunner.run(SuiteRunner.java:286)
at org.testng.SuiteRunnerWorker.runSuite(SuiteRunnerWorker.java:53)
at org.testng.SuiteRunnerWorker.run(SuiteRunnerWorker.java:96)
at org.testng.TestNG.runSuitesSequentially(TestNG.java:1214)
at org.testng.TestNG.runSuitesLocally(TestNG.java:1136)
at org.testng.TestNG.runSuites(TestNG.java:1066)
at org.testng.TestNG.run(TestNG.java:1034)
at org.testng.remote.AbstractRemoteTestNG.run(AbstractRemoteTestNG.java:115)
at org.testng.remote.RemoteTestNG.initAndRun(RemoteTestNG.java:251)
at org.testng.remote.RemoteTestNG.main(RemoteTestNG.java:77)
]]>
            </full-stacktrace>
          </exception> <!-- java.lang.AssertionError -->
          <reporter-output>
          </reporter-output>
        </test-method> <!-- validateCourseTitle -->
        <test-method status="PASS" signature="close()[pri:0, instance:automationFramework.ValidateTitle@3d6f0054]" name="close" is-config="true" duration-ms="65" started-at="2020-04-22T18:31:24 IST" finished-at="2020-04-22T18:31:24 IST">
          <reporter-output>
          </reporter-output>
        </test-method> <!-- close -->
      </class> <!-- automationFramework.ValidateTitle -->
    </test> <!-- Test -->
  </suite> <!-- Suite -->
</testng-results>
